<?xml version="1.0" encoding="UTF-8"?>
<testsuite xmlns:xsi="http://www.w3.org/2001/XMLSchema-instance" xsi:schemaLocation="https://maven.apache.org/surefire/maven-surefire-plugin/xsd/surefire-test-report.xsd" name="TestSuite" time="250.405" tests="1" errors="0" skipped="0" failures="1">
  <properties>
[...]
</properties>
  <testcase name="feature" classname="com.bdd.runnerTest.RunnerTest" time="249.897">
    <failure message="java.lang.AssertionError: Error al intentar obtener elemento. Key: xpath - Locator: /html/body/modal-container/div/div/ng-component/div/h3" type="cucumber.runtime.CucumberException">cucumber.runtime.CucumberException: java.lang.AssertionError: Error al intentar obtener elemento. Key: xpath - Locator: /html/body/modal-container/div/div/ng-component/div/h3
Caused by: java.lang.AssertionError: Error al intentar obtener elemento. Key: xpath - Locator: /html/body/modal-container/div/div/ng-component/div/h3
</failure>
    <system-out><![CDATA[@DiagnosticoReset
Feature: Como usuario deseo ingresar a la pagina principal de Visor
  Para poder ingresar mi usuario y contraseña y acceder a la pagina modo Visor
  Cuando solicito diagnostico de reset y validar el reset

  @ResetTotalNumeroActivo @VISO-3236
  Scenario Outline: Ingreso exitoso a la pagina Visor y realizo diagnostico reset total numero activo                  # visor/diagnosticoReset.feature:7
    Given El usuario se encuentra en la pantalla de principal de visor
    When El usuario da click en el boton ingresar de la pantalla principal de visor
    And Selecciona el tipo de usuario en la pantalla de login "<tipoUsuario>"
    When Ingresa su usuario "<usuario>" y password "<password>" en la pantalla de login en el caso de prueba "<sTest>"
    And Da click en el botón continuar
    And Se visualiza el ingreso correcto de la pagina modo Visor
    And Seleccionamos la opcion Telefono e ingresamos el numero "<nroTelefono>"
    And Damos click en el boton Buscar
    And Cerramos el pupUp
    And Damos click en la opcion Averia
    And Seleccionamos la opcion herramientas y seleccionar el boton General
    And Seleccionamos la opcion Reset Total
    When Confirmamos dando click en el boton Realizar Test
    Then Se espera el mensaje con el test realizado

    Examples: 
[LOG] NAVEGADOR: resources
[LOG] WORD: Evidencia renombrada - Se añadió el estado final del escenario
[LOG] Word cerrado

  @DiagnosticoReset @VISO-3236 @ResetTotalNumeroActivo
  Scenario Outline: Ingreso exitoso a la pagina Visor y realizo diagnostico reset total numero activo                # visor/diagnosticoReset.feature:25
    Given El usuario se encuentra en la pantalla de principal de visor                                               # LoginStepDefinition.el_usuario_se_encuentra_en_la_pantalla_de_principal_de_visor()
    When El usuario da click en el boton ingresar de la pantalla principal de visor                                  # LoginStepDefinition.el_usuario_da_click_en_el_boton_ingresar_de_la_pantalla_principal_de_visor()
    And Selecciona el tipo de usuario en la pantalla de login "usuario externo"                                      # LoginStepDefinition.selecciona_el_tipo_de_usuario_en_la_pantalla_de_login(String)
    When Ingresa su usuario "rdelatorreg" y password "$t3l3f0n1c4$" en la pantalla de login en el caso de prueba "1" # LoginStepDefinition.ingresa_su_usuario_y_password_en_la_pantalla_de_login_en_el_caso_de_prueba(String,String,String)
    And Da click en el botón continuar                                                                               # LoginStepDefinition.da_clic_en_el_botón_continuar()
    And Se visualiza el ingreso correcto de la pagina modo Visor                                                     # HomeStepDefinition.se_visualiza_el_ingreso_correcto_de_la_pagina_modo_Visor()
    And Seleccionamos la opcion Telefono e ingresamos el numero "920951000"                                          # HomeStepDefinition.seleccionamosLaOpcionTelefonoEIngresamosElNumero(String)
    And Damos click en el boton Buscar                                                                               # HomeStepDefinition.damosClicEnElBotonBuscar()
    And Cerramos el pupUp                                                                                            # ConsultaStepDefinition.cerramosElPupUp()
    And Damos click en la opcion Averia                                                                              # ConsultaStepDefinition.damosClickEnLaOpcionAveria()
    And Seleccionamos la opcion herramientas y seleccionar el boton General                                          # AveriasStepDefinition.seleccionamosLaOpcionHerramientasyBotonGeneral()
    And Seleccionamos la opcion Reset Total                                                                          # AveriasStepDefinition.seleccionamosLaOpcionResetTotal()
    When Confirmamos dando click en el boton Realizar Test                                                           # AveriasStepDefinition.confirmamosDandoClickEnElBotonRealizarTest()
    Then Se espera el mensaje con el test realizado                                                                  # AveriasStepDefinition.seEsperaElMensajeConElTestRealizado()

  @ResetTotalNumeroSuspendido @VISO-3236
  Scenario Outline: Ingreso exitoso a la pagina Visor y realizo diagnostico reset total numero suspendido              # visor/diagnosticoReset.feature:28
    Given El usuario se encuentra en la pantalla de principal de visor
    When El usuario da click en el boton ingresar de la pantalla principal de visor
    And Selecciona el tipo de usuario en la pantalla de login "<tipoUsuario>"
    When Ingresa su usuario "<usuario>" y password "<password>" en la pantalla de login en el caso de prueba "<sTest>"
    And Da click en el botón continuar
    And Se visualiza el ingreso correcto de la pagina modo Visor
    And Seleccionamos la opcion Telefono e ingresamos el numero "<nroTelefono>"
    And Damos click en el boton Buscar
    And Cerramos el pupUp
    And Damos click en la opcion Averia
    And Seleccionamos la opcion herramientas y seleccionar el boton General
    When Seleccionamos la opcion Reset Total
    Then Se espera el mensaje "<mensaje>" con el test realizado

    Examples: 
[LOG] NAVEGADOR: resources
El mensaje mostrado en FE esta OK
[LOG] WORD: Evidencia renombrada - Se añadió el estado final del escenario
[LOG] Word cerrado

  @DiagnosticoReset @ResetTotalNumeroSuspendido @VISO-3236
  Scenario Outline: Ingreso exitoso a la pagina Visor y realizo diagnostico reset total numero suspendido            # visor/diagnosticoReset.feature:45
    Given El usuario se encuentra en la pantalla de principal de visor                                               # LoginStepDefinition.el_usuario_se_encuentra_en_la_pantalla_de_principal_de_visor()
    When El usuario da click en el boton ingresar de la pantalla principal de visor                                  # LoginStepDefinition.el_usuario_da_click_en_el_boton_ingresar_de_la_pantalla_principal_de_visor()
    And Selecciona el tipo de usuario en la pantalla de login "usuario externo"                                      # LoginStepDefinition.selecciona_el_tipo_de_usuario_en_la_pantalla_de_login(String)
    When Ingresa su usuario "rdelatorreg" y password "$t3l3f0n1c4$" en la pantalla de login en el caso de prueba "1" # LoginStepDefinition.ingresa_su_usuario_y_password_en_la_pantalla_de_login_en_el_caso_de_prueba(String,String,String)
    And Da click en el botón continuar                                                                               # LoginStepDefinition.da_clic_en_el_botón_continuar()
    And Se visualiza el ingreso correcto de la pagina modo Visor                                                     # HomeStepDefinition.se_visualiza_el_ingreso_correcto_de_la_pagina_modo_Visor()
    And Seleccionamos la opcion Telefono e ingresamos el numero "920959470"                                          # HomeStepDefinition.seleccionamosLaOpcionTelefonoEIngresamosElNumero(String)
    And Damos click en el boton Buscar                                                                               # HomeStepDefinition.damosClicEnElBotonBuscar()
    And Cerramos el pupUp                                                                                            # ConsultaStepDefinition.cerramosElPupUp()
    And Damos click en la opcion Averia                                                                              # ConsultaStepDefinition.damosClickEnLaOpcionAveria()
    And Seleccionamos la opcion herramientas y seleccionar el boton General                                          # AveriasStepDefinition.seleccionamosLaOpcionHerramientasyBotonGeneral()
    When Seleccionamos la opcion Reset Total                                                                         # AveriasStepDefinition.seleccionamosLaOpcionResetTotal()
    Then Se espera el mensaje "Servicio cliente suspendido" con el test realizado                                    # AveriasStepDefinition.seEsperaElMensajeConElTestRealizado(String)

  @ResetDatosNumeroActivo @VISO-3236
  Scenario Outline: Ingreso exitoso a la pagina Visor y realizo diagnostico reset datos numero activo                  # visor/diagnosticoReset.feature:48
    Given El usuario se encuentra en la pantalla de principal de visor
    When El usuario da click en el boton ingresar de la pantalla principal de visor
    And Selecciona el tipo de usuario en la pantalla de login "<tipoUsuario>"
    When Ingresa su usuario "<usuario>" y password "<password>" en la pantalla de login en el caso de prueba "<sTest>"
    And Da click en el botón continuar
    And Se visualiza el ingreso correcto de la pagina modo Visor
    And Seleccionamos la opcion Telefono e ingresamos el numero "<nroTelefono>"
    And Damos click en el boton Buscar
    And Cerramos el pupUp
    And Damos click en la opcion Averia
    And Seleccionamos la opcion herramientas y seleccionar el boton Datos
    When Seleccionamos la opcion Reset de Datos
    Then Se espera el mensaje "<mensaje>" con el test realizado

    Examples: 
[LOG] NAVEGADOR: resources
[LOG] WORD: Evidencia renombrada - Se añadió el estado final del escenario
[LOG] Word cerrado

  @DiagnosticoReset @ResetDatosNumeroActivo @VISO-3236
  Scenario Outline: Ingreso exitoso a la pagina Visor y realizo diagnostico reset datos numero activo                # visor/diagnosticoReset.feature:65
    Given El usuario se encuentra en la pantalla de principal de visor                                               # LoginStepDefinition.el_usuario_se_encuentra_en_la_pantalla_de_principal_de_visor()
    When El usuario da click en el boton ingresar de la pantalla principal de visor                                  # LoginStepDefinition.el_usuario_da_click_en_el_boton_ingresar_de_la_pantalla_principal_de_visor()
    And Selecciona el tipo de usuario en la pantalla de login "usuario externo"                                      # LoginStepDefinition.selecciona_el_tipo_de_usuario_en_la_pantalla_de_login(String)
    When Ingresa su usuario "rdelatorreg" y password "$t3l3f0n1c4$" en la pantalla de login en el caso de prueba "1" # LoginStepDefinition.ingresa_su_usuario_y_password_en_la_pantalla_de_login_en_el_caso_de_prueba(String,String,String)
    And Da click en el botón continuar                                                                               # LoginStepDefinition.da_clic_en_el_botón_continuar()
    And Se visualiza el ingreso correcto de la pagina modo Visor                                                     # HomeStepDefinition.se_visualiza_el_ingreso_correcto_de_la_pagina_modo_Visor()
    And Seleccionamos la opcion Telefono e ingresamos el numero "920951000"                                          # HomeStepDefinition.seleccionamosLaOpcionTelefonoEIngresamosElNumero(String)
    And Damos click en el boton Buscar                                                                               # HomeStepDefinition.damosClicEnElBotonBuscar()
    And Cerramos el pupUp                                                                                            # ConsultaStepDefinition.cerramosElPupUp()
    And Damos click en la opcion Averia                                                                              # ConsultaStepDefinition.damosClickEnLaOpcionAveria()
    And Seleccionamos la opcion herramientas y seleccionar el boton Datos                                            # AveriasStepDefinition.seleccionamosLaOpcionHerramientasyBotonDatos()
    When Seleccionamos la opcion Reset de Datos                                                                      # AveriasStepDefinition.confirmamosDandoClickEnElBotonRealizarDatos()
    Then Se espera el mensaje "Servicio no disponible" con el test realizado                                         # AveriasStepDefinition.seEsperaElMensajeConElTestRealizado(String)
      java.lang.AssertionError: Error al intentar obtener elemento. Key: xpath - Locator: /html/body/modal-container/div/div/ng-component/div/h3
      	at org.testng.Assert.fail(Assert.java:94)
      	at com.bdd.VISOR.BaseClass.getElement(BaseClass.java:139)
      	at com.bdd.VISOR.modoVisor.page.AveriasPage.validarMensajeUsuario(AveriasPage.java:96)
      	at com.bdd.VISOR.modoVisor.step.AveriasStep.validarMensajeUsuario(AveriasStep.java:47)
      	at com.bdd.VISOR.modoVisor.stepdefinition.AveriasStepDefinition.seEsperaElMensajeConElTestRealizado(AveriasStepDefinition.java:46)
      	at ?.Then Se espera el mensaje "Servicio no disponible" con el test realizado(visor/diagnosticoReset.feature:61)


  @ResetDatosNumeroSuspendido @VISO-3236
  Scenario Outline: Ingreso exitoso a la pagina Visor y realizo diagnostico reset datos numero suspendido              # visor/diagnosticoReset.feature:68
    Given El usuario se encuentra en la pantalla de principal de visor
    When El usuario da click en el boton ingresar de la pantalla principal de visor
    And Selecciona el tipo de usuario en la pantalla de login "<tipoUsuario>"
    When Ingresa su usuario "<usuario>" y password "<password>" en la pantalla de login en el caso de prueba "<sTest>"
    And Da click en el botón continuar
    And Se visualiza el ingreso correcto de la pagina modo Visor
    And Seleccionamos la opcion Telefono e ingresamos el numero "<nroTelefono>"
    And Damos click en el boton Buscar
    And Cerramos el pupUp
    And Damos click en la opcion Averia
    And Seleccionamos la opcion herramientas y seleccionar el boton Datos
    When Seleccionamos la opcion Reset de Datos
    Then Se espera el mensaje "<mensaje>" con el test realizado

    Examples: 
[LOG] NAVEGADOR: resources
El mensaje mostrado en FE esta OK
[LOG] WORD: Evidencia renombrada - Se añadió el estado final del escenario
[LOG] Word cerrado

  @ResetDatosNumeroSuspendido @DiagnosticoReset @VISO-3236
  Scenario Outline: Ingreso exitoso a la pagina Visor y realizo diagnostico reset datos numero suspendido            # visor/diagnosticoReset.feature:85
    Given El usuario se encuentra en la pantalla de principal de visor                                               # LoginStepDefinition.el_usuario_se_encuentra_en_la_pantalla_de_principal_de_visor()
    When El usuario da click en el boton ingresar de la pantalla principal de visor                                  # LoginStepDefinition.el_usuario_da_click_en_el_boton_ingresar_de_la_pantalla_principal_de_visor()
    And Selecciona el tipo de usuario en la pantalla de login "usuario externo"                                      # LoginStepDefinition.selecciona_el_tipo_de_usuario_en_la_pantalla_de_login(String)
    When Ingresa su usuario "rdelatorreg" y password "$t3l3f0n1c4$" en la pantalla de login en el caso de prueba "1" # LoginStepDefinition.ingresa_su_usuario_y_password_en_la_pantalla_de_login_en_el_caso_de_prueba(String,String,String)
    And Da click en el botón continuar                                                                               # LoginStepDefinition.da_clic_en_el_botón_continuar()
    And Se visualiza el ingreso correcto de la pagina modo Visor                                                     # HomeStepDefinition.se_visualiza_el_ingreso_correcto_de_la_pagina_modo_Visor()
    And Seleccionamos la opcion Telefono e ingresamos el numero "920959470"                                          # HomeStepDefinition.seleccionamosLaOpcionTelefonoEIngresamosElNumero(String)
    And Damos click en el boton Buscar                                                                               # HomeStepDefinition.damosClicEnElBotonBuscar()
    And Cerramos el pupUp                                                                                            # ConsultaStepDefinition.cerramosElPupUp()
    And Damos click en la opcion Averia                                                                              # ConsultaStepDefinition.damosClickEnLaOpcionAveria()
    And Seleccionamos la opcion herramientas y seleccionar el boton Datos                                            # AveriasStepDefinition.seleccionamosLaOpcionHerramientasyBotonDatos()
    When Seleccionamos la opcion Reset de Datos                                                                      # AveriasStepDefinition.confirmamosDandoClickEnElBotonRealizarDatos()
    Then Se espera el mensaje "Servicio cliente suspendido" con el test realizado                                    # AveriasStepDefinition.seEsperaElMensajeConElTestRealizado(String)

  @ResetVozlNumeroActivo @VISO-3236
  Scenario Outline: Ingreso exitoso a la pagina Visor y realizo diagnostico reset voz numero activo                    # visor/diagnosticoReset.feature:88
    Given El usuario se encuentra en la pantalla de principal de visor
    When El usuario da click en el boton ingresar de la pantalla principal de visor
    And Selecciona el tipo de usuario en la pantalla de login "<tipoUsuario>"
    When Ingresa su usuario "<usuario>" y password "<password>" en la pantalla de login en el caso de prueba "<sTest>"
    And Da click en el botón continuar
    And Se visualiza el ingreso correcto de la pagina modo Visor
    And Seleccionamos la opcion Telefono e ingresamos el numero "<nroTelefono>"
    And Damos click en el boton Buscar
    And Cerramos el pupUp
    And Damos click en la opcion Averia
    And Seleccionamos la opcion herramientas y seleccionar el boton Voz
    And Seleccionamos la opcion Reset de voz
    When Confirmamos dando click en el boton Realizar Test
    Then Se espera el mensaje "<mensaje>" con el test realizado

    Examples: 
[LOG] NAVEGADOR: resources
[LOG] WORD: Evidencia renombrada - Se añadió el estado final del escenario
[LOG] Word cerrado

  @DiagnosticoReset @VISO-3236 @ResetVozlNumeroActivo
  Scenario Outline: Ingreso exitoso a la pagina Visor y realizo diagnostico reset voz numero activo                  # visor/diagnosticoReset.feature:106
    Given El usuario se encuentra en la pantalla de principal de visor                                               # LoginStepDefinition.el_usuario_se_encuentra_en_la_pantalla_de_principal_de_visor()
    When El usuario da click en el boton ingresar de la pantalla principal de visor                                  # LoginStepDefinition.el_usuario_da_click_en_el_boton_ingresar_de_la_pantalla_principal_de_visor()
    And Selecciona el tipo de usuario en la pantalla de login "usuario externo"                                      # LoginStepDefinition.selecciona_el_tipo_de_usuario_en_la_pantalla_de_login(String)
    When Ingresa su usuario "rdelatorreg" y password "$t3l3f0n1c4$" en la pantalla de login en el caso de prueba "1" # LoginStepDefinition.ingresa_su_usuario_y_password_en_la_pantalla_de_login_en_el_caso_de_prueba(String,String,String)
    And Da click en el botón continuar                                                                               # LoginStepDefinition.da_clic_en_el_botón_continuar()
    And Se visualiza el ingreso correcto de la pagina modo Visor                                                     # HomeStepDefinition.se_visualiza_el_ingreso_correcto_de_la_pagina_modo_Visor()
    And Seleccionamos la opcion Telefono e ingresamos el numero "920951000"                                          # HomeStepDefinition.seleccionamosLaOpcionTelefonoEIngresamosElNumero(String)
    And Damos click en el boton Buscar                                                                               # HomeStepDefinition.damosClicEnElBotonBuscar()
    And Cerramos el pupUp                                                                                            # ConsultaStepDefinition.cerramosElPupUp()
    And Damos click en la opcion Averia                                                                              # ConsultaStepDefinition.damosClickEnLaOpcionAveria()
    And Seleccionamos la opcion herramientas y seleccionar el boton Voz                                              # AveriasStepDefinition.seleccionamosLaOpcionHerramientasYSeleccionarElBotonVoz()
    And Seleccionamos la opcion Reset de voz                                                                         # AveriasStepDefinition.seleccionamosLaOpcionResetDeVoz()
    When Confirmamos dando click en el boton Realizar Test                                                           # AveriasStepDefinition.confirmamosDandoClickEnElBotonRealizarTest()
    Then Se espera el mensaje "Servicio no disponible" con el test realizado                                         # AveriasStepDefinition.seEsperaElMensajeConElTestRealizado(String)
      java.lang.AssertionError: Error al intentar obtener elemento. Key: xpath - Locator: /html/body/modal-container/div/div/ng-component/div/h3
      	at org.testng.Assert.fail(Assert.java:94)
      	at com.bdd.VISOR.BaseClass.getElement(BaseClass.java:139)
      	at com.bdd.VISOR.modoVisor.page.AveriasPage.validarMensajeUsuario(AveriasPage.java:96)
      	at com.bdd.VISOR.modoVisor.step.AveriasStep.validarMensajeUsuario(AveriasStep.java:47)
      	at com.bdd.VISOR.modoVisor.stepdefinition.AveriasStepDefinition.seEsperaElMensajeConElTestRealizado(AveriasStepDefinition.java:46)
      	at ?.Then Se espera el mensaje "Servicio no disponible" con el test realizado(visor/diagnosticoReset.feature:102)


  @ResetVozNumeroSuspendido @VISO-3236
  Scenario Outline: Ingreso exitoso a la pagina Visor y realizo diagnostico reset voz numero suspendido                # visor/diagnosticoReset.feature:109
    Given El usuario se encuentra en la pantalla de principal de visor
    When El usuario da click en el boton ingresar de la pantalla principal de visor
    And Selecciona el tipo de usuario en la pantalla de login "<tipoUsuario>"
    When Ingresa su usuario "<usuario>" y password "<password>" en la pantalla de login en el caso de prueba "<sTest>"
    And Da click en el botón continuar
    And Se visualiza el ingreso correcto de la pagina modo Visor
    And Seleccionamos la opcion Telefono e ingresamos el numero "<nroTelefono>"
    And Damos click en el boton Buscar
    And Cerramos el pupUp
    And Damos click en la opcion Averia
    And Seleccionamos la opcion herramientas y seleccionar el boton Voz
    When Seleccionamos la opcion Reset de voz
    Then Se espera el mensaje "<mensaje>" con el test realizado

    Examples: 
[LOG] NAVEGADOR: resources
El mensaje mostrado en FE esta OK
[LOG] WORD: Evidencia renombrada - Se añadió el estado final del escenario
[LOG] Word cerrado

  @DiagnosticoReset @ResetVozNumeroSuspendido @VISO-3236
  Scenario Outline: Ingreso exitoso a la pagina Visor y realizo diagnostico reset voz numero suspendido              # visor/diagnosticoReset.feature:126
    Given El usuario se encuentra en la pantalla de principal de visor                                               # LoginStepDefinition.el_usuario_se_encuentra_en_la_pantalla_de_principal_de_visor()
    When El usuario da click en el boton ingresar de la pantalla principal de visor                                  # LoginStepDefinition.el_usuario_da_click_en_el_boton_ingresar_de_la_pantalla_principal_de_visor()
    And Selecciona el tipo de usuario en la pantalla de login "usuario externo"                                      # LoginStepDefinition.selecciona_el_tipo_de_usuario_en_la_pantalla_de_login(String)
    When Ingresa su usuario "rdelatorreg" y password "$t3l3f0n1c4$" en la pantalla de login en el caso de prueba "1" # LoginStepDefinition.ingresa_su_usuario_y_password_en_la_pantalla_de_login_en_el_caso_de_prueba(String,String,String)
    And Da click en el botón continuar                                                                               # LoginStepDefinition.da_clic_en_el_botón_continuar()
    And Se visualiza el ingreso correcto de la pagina modo Visor                                                     # HomeStepDefinition.se_visualiza_el_ingreso_correcto_de_la_pagina_modo_Visor()
    And Seleccionamos la opcion Telefono e ingresamos el numero "920959470"                                          # HomeStepDefinition.seleccionamosLaOpcionTelefonoEIngresamosElNumero(String)
    And Damos click en el boton Buscar                                                                               # HomeStepDefinition.damosClicEnElBotonBuscar()
    And Cerramos el pupUp                                                                                            # ConsultaStepDefinition.cerramosElPupUp()
    And Damos click en la opcion Averia                                                                              # ConsultaStepDefinition.damosClickEnLaOpcionAveria()
    And Seleccionamos la opcion herramientas y seleccionar el boton Voz                                              # AveriasStepDefinition.seleccionamosLaOpcionHerramientasYSeleccionarElBotonVoz()
    When Seleccionamos la opcion Reset de voz                                                                        # AveriasStepDefinition.seleccionamosLaOpcionResetDeVoz()
    Then Se espera el mensaje "Servicio cliente suspendido" con el test realizado                                    # AveriasStepDefinition.seEsperaElMensajeConElTestRealizado(String)
]]></system-out>
    <system-err><![CDATA[ChromeDriver was started successfully.
jul. 04, 2021 6:10:46 P. M. org.openqa.selenium.remote.ProtocolHandshake createSession
INFO: Detected dialect: W3C
ChromeDriver was started successfully.
Jul 04, 2021 6:11:21 PM org.openqa.selenium.remote.ProtocolHandshake createSession
INFO: Detected dialect: W3C
ChromeDriver was started successfully.
Jul 04, 2021 6:12:01 PM org.openqa.selenium.remote.ProtocolHandshake createSession
INFO: Detected dialect: W3C
ChromeDriver was started successfully.
Jul 04, 2021 6:12:47 PM org.openqa.selenium.remote.ProtocolHandshake createSession
INFO: Detected dialect: W3C
ChromeDriver was started successfully.
Jul 04, 2021 6:13:27 PM org.openqa.selenium.remote.ProtocolHandshake createSession
INFO: Detected dialect: W3C
ChromeDriver was started successfully.
Jul 04, 2021 6:14:18 PM org.openqa.selenium.remote.ProtocolHandshake createSession
INFO: Detected dialect: W3C
]]></system-err>
  </testcase>
</testsuite>